<?xml version="1.0" encoding="UTF-8"?>
<!-- Generated by org.testng.reporters.JUnitReportReporter -->
<testsuite hostname="CQ-CE-44658-mac.local" failures="0" tests="1" name="ca.testng.practice.android.testcases.UserProfile" time="82.952" errors="0" timestamp="2020-08-25T09:03:09 EDT" skipped="0">
  <testcase classname="ca.testng.practice.android.testcases.UserProfile" name="test" time="82.952"/>
  <system-out/>
</testsuite> <!-- ca.testng.practice.android.testcases.UserProfile -->
